<?xml version="1.0" encoding="UTF-8"?>
<!-- Generated by org.testng.reporters.JUnitReportReporter -->
<testsuite hostname="SAIF-ALAM-PC" name="testngtutorial.VarifyTitletestNG" tests="1" failures="0" timestamp="7 Mar 2020 03:33:24 GMT" time="18.228" errors="0">
  <testcase name="varifyTitle" time="18.228" classname="testngtutorial.VarifyTitletestNG"/>
</testsuite> <!-- testngtutorial.VarifyTitletestNG -->
