<?xml version="1.0" encoding="UTF-8"?>
<!-- Generated by org.testng.reporters.JUnitReportReporter -->
<testsuite hostname="SAIF-ALAM-PC" name="com.wordpress.testcases.LoginWordPressTest" tests="1" failures="0" timestamp="8 Mar 2020 17:27:33 GMT" time="17.715" errors="0">
  <testcase name="validLogin" time="17.715" classname="com.wordpress.testcases.LoginWordPressTest"/>
</testsuite> <!-- com.wordpress.testcases.LoginWordPressTest -->
