<?xml version="1.0" encoding="UTF-8"?>
<!-- Generated by org.testng.reporters.JUnitReportReporter -->
<testsuite hostname="SAIF-ALAM-PC" name="testngtutorial.VarifyTitletestNG" tests="1" failures="0" timestamp="9 Mar 2020 10:13:45 GMT" time="17.640" errors="0">
  <testcase name="varifyTitle" time="17.640" classname="testngtutorial.VarifyTitletestNG"/>
</testsuite> <!-- testngtutorial.VarifyTitletestNG -->
