<?xml version="1.0" encoding="UTF-8"?>
<!-- Generated by org.testng.reporters.JUnitReportReporter -->
<testsuite hostname="SAIF-ALAM-PC" name="testngtutorial.VarifyErrorMsgTstNG" tests="1" failures="0" timestamp="7 Mar 2020 04:18:03 GMT" time="23.372" errors="0">
  <testcase name="VarifyErrorMsg" time="23.372" classname="testngtutorial.VarifyErrorMsgTstNG"/>
</testsuite> <!-- testngtutorial.VarifyErrorMsgTstNG -->
